<?xml version="1.0" encoding="UTF-8"?>
<!-- Generated by org.testng.reporters.JUnitReportReporter -->
<testsuite hostname="Supriyas-MacBook-Pro.local" name="src.test.ValidatePostAddFlow" tests="1" failures="0" timestamp="24 Jun 2017 16:11:24 GMT" time="87.059" errors="0">
  <testcase name="testValidatePostAddFlow" time="87.059" classname="src.test.ValidatePostAddFlow"/>
</testsuite> <!-- src.test.ValidatePostAddFlow -->
